<?xml version="1.0" encoding="utf-8"?><testsuites><testsuite name="pytest" errors="0" failures="0" skipped="0" tests="3" time="54.223" timestamp="2024-06-07T15:31:49.677577" hostname="SAS-BXC14M3"><testcase classname="tests.sportscar.body.test_body.BodyTests" name="test_can_navigate_to_body_page" time="5.416" /><testcase classname="tests.sportscar.engine.test_engine" name="test_can_navigate_to_engine_page" time="35.097" /><testcase classname="tests.sportscar.entertainment.test_entertainment" name="test_can_navigate_to_entertainment_page" time="5.386" /></testsuite></testsuites>